0 info it worked if it ends with ok
1 verbose cli [ 'C:\\Program Files\\nodejs\\node.exe',
1 verbose cli   'C:\\Program Files\\nodejs\\node_modules\\npm\\bin\\npm-cli.js',
1 verbose cli   'start',
1 verbose cli   '--',
1 verbose cli   '--project=bootstrap4' ]
2 info using npm@3.6.0
3 info using node@v5.6.0
4 verbose run-script [ 'prestart', 'start', 'poststart' ]
5 info lifecycle apex-bootstrap4@0.0.2~prestart: apex-bootstrap4@0.0.2
6 silly lifecycle apex-bootstrap4@0.0.2~prestart: no script for prestart, continuing
7 info lifecycle apex-bootstrap4@0.0.2~start: apex-bootstrap4@0.0.2
8 verbose lifecycle apex-bootstrap4@0.0.2~start: unsafe-perm in lifecycle true
9 verbose lifecycle apex-bootstrap4@0.0.2~start: PATH: C:\Program Files\nodejs\node_modules\npm\bin\node-gyp-bin;C:\Users\emignault\Documents\apex-bootstrap4\node_modules\.bin;C:\Users\emignault\AppData\Local\GitHub\PortableGit_c7e0cbde92ba565cb218a521411d0e854079a28c\cmd;C:\Users\emignault\AppData\Local\GitHub\PortableGit_c7e0cbde92ba565cb218a521411d0e854079a28c\usr\bin;C:\Users\emignault\AppData\Local\GitHub\PortableGit_c7e0cbde92ba565cb218a521411d0e854079a28c\usr\share\git-tfs;C:\Users\emignault\AppData\Local\Apps\2.0\0RE3D7OT.D14\YD5D2DG9.BAB\gith..tion_317444273a93ac29_0003.0000_20a3dfa4ba8ba894;C:\Users\emignault\AppData\Local\GitHub\lfs-amd64_1.1.0;C:\WINDOWS\Microsoft.NET\Framework\v4.0.30319;C:\Program Files (x86)\RSA SecurID Token Common;C:\ProgramData\Oracle\Java\javapath;c:\Program Files (x86)\Intel\iCLS Client\;c:\Program Files\Intel\iCLS Client\;C:\WINDOWS\system32;C:\WINDOWS;C:\WINDOWS\System32\Wbem;C:\WINDOWS\System32\WindowsPowerShell\v1.0\;C:\Program Files\Intel\Intel(R) Management Engine Components\DAL;C:\Program Files\Intel\Intel(R) Management Engine Components\IPT;C:\Program Files (x86)\Intel\Intel(R) Management Engine Components\DAL;C:\Program Files (x86)\Intel\Intel(R) Management Engine Components\IPT;C:\Program Files\TortoiseSVN\bin;C:\Program Files\nodejs\;C:\Users\emignault\AppData\Local\atom\bin;C:\Users\emignault\AppData\Roaming\Dashlane\4.0.1.98943\bin\Firefox_Extension\{442718d9-475e-452a-b3e1-fb1ee16b8e9f}\components;C:\Users\emignault\AppData\Roaming\npm;C:\Users\emignault\AppData\Roaming\Dashlane\4.1.0.99957\bin\Firefox_Extension\{442718d9-475e-452a-b3e1-fb1ee16b8e9f}\components
10 verbose lifecycle apex-bootstrap4@0.0.2~start: CWD: C:\Users\emignault\Documents\apex-bootstrap4
11 silly lifecycle apex-bootstrap4@0.0.2~start: Args: [ '/d /s /c', 'gulp "--project=bootstrap4"' ]
12 silly lifecycle apex-bootstrap4@0.0.2~start: Returned: code: 1  signal: null
13 info lifecycle apex-bootstrap4@0.0.2~start: Failed to exec start script
14 verbose stack Error: apex-bootstrap4@0.0.2 start: `gulp "--project=bootstrap4"`
14 verbose stack Exit status 1
14 verbose stack     at EventEmitter.<anonymous> (C:\Program Files\nodejs\node_modules\npm\lib\utils\lifecycle.js:232:16)
14 verbose stack     at emitTwo (events.js:100:13)
14 verbose stack     at EventEmitter.emit (events.js:185:7)
14 verbose stack     at ChildProcess.<anonymous> (C:\Program Files\nodejs\node_modules\npm\lib\utils\spawn.js:24:14)
14 verbose stack     at emitTwo (events.js:100:13)
14 verbose stack     at ChildProcess.emit (events.js:185:7)
14 verbose stack     at maybeClose (internal/child_process.js:827:16)
14 verbose stack     at Process.ChildProcess._handle.onexit (internal/child_process.js:211:5)
15 verbose pkgid apex-bootstrap4@0.0.2
16 verbose cwd C:\Users\emignault\Documents\apex-bootstrap4
17 error Windows_NT 10.0.10586
18 error argv "C:\\Program Files\\nodejs\\node.exe" "C:\\Program Files\\nodejs\\node_modules\\npm\\bin\\npm-cli.js" "start" "--" "--project=bootstrap4"
19 error node v5.6.0
20 error npm  v3.6.0
21 error code ELIFECYCLE
22 error apex-bootstrap4@0.0.2 start: `gulp "--project=bootstrap4"`
22 error Exit status 1
23 error Failed at the apex-bootstrap4@0.0.2 start script 'gulp "--project=bootstrap4"'.
23 error Make sure you have the latest version of node.js and npm installed.
23 error If you do, this is most likely a problem with the apex-bootstrap4 package,
23 error not with npm itself.
23 error Tell the author that this fails on your system:
23 error     gulp "--project=bootstrap4"
23 error You can get information on how to open an issue for this project with:
23 error     npm bugs apex-bootstrap4
23 error Or if that isn't available, you can get their info via:
23 error     npm owner ls apex-bootstrap4
23 error There is likely additional logging output above.
24 verbose exit [ 1, true ]
